c:\users\pabloandrésrodríguez\source\repos\proyectolp2020\debug\vc142.pdb
c:\users\pabloandrésrodríguez\source\repos\proyectolp2020\debug\vc142.idb
c:\users\pabloandrésrodríguez\source\repos\proyectolp2020\debug\utils.obj
c:\users\pabloandrésrodríguez\source\repos\proyectolp2020\debug\proveidor.obj
c:\users\pabloandrésrodríguez\source\repos\proyectolp2020\debug\main.obj
c:\users\pabloandrésrodríguez\source\repos\proyectolp2020\debug\magatzem.obj
c:\users\pabloandrésrodríguez\source\repos\proyectolp2020\debug\graf.obj
c:\users\pabloandrésrodríguez\source\repos\proyectolp2020\debug\entitat.obj
c:\users\pabloandrésrodríguez\source\repos\proyectolp2020\debug\empresa.obj
c:\users\pabloandrésrodríguez\source\repos\proyectolp2020\debug\data.obj
c:\users\pabloandrésrodríguez\source\repos\proyectolp2020\debug\comanda.obj
c:\users\pabloandrésrodríguez\source\repos\proyectolp2020\debug\client.obj
c:\users\pabloandrésrodríguez\source\repos\proyectolp2020\debug\botiga.obj
c:\users\pabloandrésrodríguez\source\repos\proyectolp2020\debug\bicicletamtb.obj
c:\users\pabloandrésrodríguez\source\repos\proyectolp2020\debug\bicicletainfantil.obj
c:\users\pabloandrésrodríguez\source\repos\proyectolp2020\debug\bicicletacarretera.obj
c:\users\pabloandrésrodríguez\source\repos\proyectolp2020\debug\bicicleta.obj
c:\users\pabloandrésrodríguez\source\repos\proyectolp2020\debug\proyectolp2020.exe
c:\users\pabloandrésrodríguez\source\repos\proyectolp2020\debug\proyectolp2020.ilk
c:\users\pabloandrésrodríguez\source\repos\proyectolp2020\debug\proyectolp2020.pdb
c:\users\pabloandrésrodríguez\source\repos\proyectolp2020\debug\proyectolp2020.tlog\cl.command.1.tlog
c:\users\pabloandrésrodríguez\source\repos\proyectolp2020\debug\proyectolp2020.tlog\cl.read.1.tlog
c:\users\pabloandrésrodríguez\source\repos\proyectolp2020\debug\proyectolp2020.tlog\cl.write.1.tlog
c:\users\pabloandrésrodríguez\source\repos\proyectolp2020\debug\proyectolp2020.tlog\link.command.1.tlog
c:\users\pabloandrésrodríguez\source\repos\proyectolp2020\debug\proyectolp2020.tlog\link.read.1.tlog
c:\users\pabloandrésrodríguez\source\repos\proyectolp2020\debug\proyectolp2020.tlog\link.write.1.tlog
